Building DAG of jobs...
Full Traceback (most recent call last):
  File "/usr/lib/python3/dist-packages/snakemake/dag.py", line 1601, in collect_potential_dependencies
    yield PotentialDependency(file, known_producers[file], True)
KeyError: '3gbn_silent.silent'

During handling of the above exception, another exception occurred:

Traceback (most recent call last):
  File "/usr/lib/python3/dist-packages/snakemake/jobs.py", line 107, in new
    obj = self.cache[key]
KeyError: ('run_silent', ('prefix', '3gbn'))

During handling of the above exception, another exception occurred:

Traceback (most recent call last):
  File "/usr/lib/python3/dist-packages/snakemake/io.py", line 910, in format_match
    value = wildcards[name]
KeyError: 'number'

During handling of the above exception, another exception occurred:

Traceback (most recent call last):
  File "/usr/lib/python3/dist-packages/snakemake/rules.py", line 842, in expand_input
    self._apply_wildcards(
  File "/usr/lib/python3/dist-packages/snakemake/rules.py", line 806, in _apply_wildcards
    concrete = concretize(item_, wildcards, _is_callable)
  File "/usr/lib/python3/dist-packages/snakemake/rules.py", line 828, in concretize_iofile
    return f.apply_wildcards(
  File "/usr/lib/python3/dist-packages/snakemake/io.py", line 691, in apply_wildcards
    apply_wildcards(
  File "/usr/lib/python3/dist-packages/snakemake/io.py", line 922, in apply_wildcards
    return _wildcard_regex.sub(format_match, pattern)
  File "/usr/lib/python3/dist-packages/snakemake/io.py", line 920, in format_match
    raise WildcardError(str(ex))
snakemake.exceptions.WildcardError: 'number'

During handling of the above exception, another exception occurred:

Traceback (most recent call last):
  File "/usr/lib/python3/dist-packages/snakemake/__init__.py", line 701, in snakemake
    success = workflow.execute(
  File "/usr/lib/python3/dist-packages/snakemake/workflow.py", line 767, in execute
    dag.init()
  File "/usr/lib/python3/dist-packages/snakemake/dag.py", line 183, in init
    job = self.update(
  File "/usr/lib/python3/dist-packages/snakemake/dag.py", line 801, in update
    raise exceptions[0]
  File "/usr/lib/python3/dist-packages/snakemake/dag.py", line 759, in update
    self.update_(
  File "/usr/lib/python3/dist-packages/snakemake/dag.py", line 892, in update_
    raise ex
  File "/usr/lib/python3/dist-packages/snakemake/dag.py", line 874, in update_
    selected_job = self.update(
  File "/usr/lib/python3/dist-packages/snakemake/dag.py", line 801, in update
    raise exceptions[0]
  File "/usr/lib/python3/dist-packages/snakemake/dag.py", line 759, in update
    self.update_(
  File "/usr/lib/python3/dist-packages/snakemake/dag.py", line 892, in update_
    raise ex
  File "/usr/lib/python3/dist-packages/snakemake/dag.py", line 874, in update_
    selected_job = self.update(
  File "/usr/lib/python3/dist-packages/snakemake/dag.py", line 801, in update
    raise exceptions[0]
  File "/usr/lib/python3/dist-packages/snakemake/dag.py", line 759, in update
    self.update_(
  File "/usr/lib/python3/dist-packages/snakemake/dag.py", line 852, in update_
    for res in potential_dependencies:
  File "/usr/lib/python3/dist-packages/snakemake/dag.py", line 1611, in collect_potential_dependencies
    yield PotentialDependency(file, file2jobs(file), False)
  File "/usr/lib/python3/dist-packages/snakemake/dag.py", line 1699, in file2jobs
    jobs.append(self.new_job(rule, targetfile=targetfile))
  File "/usr/lib/python3/dist-packages/snakemake/dag.py", line 1435, in new_job
    job = self.job_factory.new(
  File "/usr/lib/python3/dist-packages/snakemake/jobs.py", line 109, in new
    obj = Job(rule, dag, wildcards_dict, format_wildcards, targetfile)
  File "/usr/lib/python3/dist-packages/snakemake/jobs.py", line 168, in __init__
    self.input, input_mapping, self.dependencies = self.rule.expand_input(
  File "/usr/lib/python3/dist-packages/snakemake/rules.py", line 852, in expand_input
    raise WildcardError(
snakemake.exceptions.WildcardError: Wildcards in input files cannot be determined from output files:
'number'

WildcardError in line 12 of /root/test/Snakefile:
Wildcards in input files cannot be determined from output files:
'number'
unlocking
removed all locks
